<?xml version="1.0" encoding="UTF-8"?>
<!-- Generated by org.testng.reporters.JUnitXMLReporter -->
<testsuite ignored="0" hostname="LAPTOP-KT7HJRRT" failures="0" tests="3" name="ChromeTest" time="75.613" errors="0" timestamp="2020-06-18T15:43:38 AEST">
  <testcase classname="com.automationpractice.tests.AddToCartFromHomePageTest" name="validateAddToCartFromHomePage" time="20.797"/>
  <testcase classname="com.automationpractice.tests.AddToCartFromHomePageTest" name="validateProductAddedToCart" time="0.296"/>
  <testcase classname="com.automationpractice.tests.AddToCartFromProductPageTest" name="validateAddToCartFromProductPage" time="33.121"/>
</testsuite> <!-- ChromeTest -->
