<?xml version="1.0" encoding="UTF-8"?>
<!-- Generated by org.testng.reporters.JUnitXMLReporter -->
<testsuite ignored="0" hostname="LAPTOP-KT7HJRRT" failures="0" tests="3" name="EdgeTest" time="69.685" errors="0" timestamp="2020-06-18T15:44:48 AEST">
  <testcase classname="com.automationpractice.tests.AddToCartFromHomePageTest" name="validateAddToCartFromHomePage" time="23.598"/>
  <testcase classname="com.automationpractice.tests.AddToCartFromHomePageTest" name="validateProductAddedToCart" time="0.27"/>
  <testcase classname="com.automationpractice.tests.AddToCartFromProductPageTest" name="validateAddToCartFromProductPage" time="30.398"/>
</testsuite> <!-- EdgeTest -->
