<?xml version="1.0" encoding="UTF-8"?>
<!-- Generated by org.testng.reporters.JUnitXMLReporter -->
<testsuite ignored="0" hostname="LAPTOP-KT7HJRRT" failures="0" tests="3" name="FirefoxTest" time="100.902" errors="0" timestamp="2020-06-18T15:46:29 AEST">
  <testcase classname="com.automationpractice.tests.AddToCartFromHomePageTest" name="validateAddToCartFromHomePage" time="18.403"/>
  <testcase classname="com.automationpractice.tests.AddToCartFromHomePageTest" name="validateProductAddedToCart" time="0.164"/>
  <testcase classname="com.automationpractice.tests.AddToCartFromProductPageTest" name="validateAddToCartFromProductPage" time="29.038"/>
</testsuite> <!-- FirefoxTest -->
